<?xml version="1.0" encoding="UTF-8" ?>
<testsuites>
  <testsuite errors="0" failures="0" hostname="Lapbroy55" id="0" name="MaxWeightMatchingTest" package="edu.tum.cs.commons.algo" tests="5" time="5.047" timestamp="2007-11-02T14:10:58">
      <properties>
[...]
</properties>

      <testcase classname="edu.tum.cs.commons.algo.MaxWeightMatchingTest" name="testTrivial" time="0.0" />

      <testcase classname="edu.tum.cs.commons.algo.MaxWeightMatchingTest" name="testSimple" time="0.0" />

      <testcase classname="edu.tum.cs.commons.algo.MaxWeightMatchingTest" name="testSimpleAugmentation" time="0.0" />

      <testcase classname="edu.tum.cs.commons.algo.MaxWeightMatchingTest" name="testRandom" time="0.016" />

      <testcase classname="edu.tum.cs.commons.algo.MaxWeightMatchingTest" name="testPerformance" time="4.984" />

      <system-out />

      <system-err><![CDATA[Time for 1/1 [bf/ap]: 0 0
Time for 1/2 [bf/ap]: 0 16
Time for 2/2 [bf/ap]: 0 0
Time for 1/3 [bf/ap]: 0 0
Time for 2/3 [bf/ap]: 0 0
Time for 3/3 [bf/ap]: 0 0
Time for 1/4 [bf/ap]: 0 0
Time for 2/4 [bf/ap]: 15 0
Time for 3/4 [bf/ap]: 0 0
Time for 4/4 [bf/ap]: 16 0
Time for 1/5 [bf/ap]: 0 15
Time for 2/5 [bf/ap]: 0 0
Time for 3/5 [bf/ap]: 16 0
Time for 4/5 [bf/ap]: 31 0
Time for 5/5 [bf/ap]: 47 16
Time for 1/6 [bf/ap]: 0 0
Time for 2/6 [bf/ap]: 0 15
Time for 3/6 [bf/ap]: 16 0
Time for 4/6 [bf/ap]: 78 0
Time for 5/6 [bf/ap]: 188 15
Time for 6/6 [bf/ap]: 297 16
Time for 1/7 [bf/ap]: 0 0
Time for 2/7 [bf/ap]: 0 15
Time for 3/7 [bf/ap]: 32 0
Time for 4/7 [bf/ap]: 172 0
Time for 5/7 [bf/ap]: 531 0
Time for 6/7 [bf/ap]: 1312 16
Time for 7/7 [bf/ap]: 2094 15
]]></system-err>

  </testsuite>
  <testsuite errors="0" failures="0" hostname="Lapbroy55" id="1" name="UnionFindTest" package="edu.tum.cs.commons.algo" tests="2" time="0.047" timestamp="2007-11-02T14:11:03">
      <properties>
[...]
</properties>

      <testcase classname="edu.tum.cs.commons.algo.UnionFindTest" name="testAllNewDifferent" time="0.015" />

      <testcase classname="edu.tum.cs.commons.algo.UnionFindTest" name="testMergeAll" time="0.0" />

      <system-out />

      <system-err />

  </testsuite>
  <testsuite errors="0" failures="0" hostname="Lapbroy55" id="2" name="AssessmentTest" package="edu.tum.cs.commons.assessment" tests="2" time="0.047" timestamp="2007-11-02T14:11:04">
      <properties>
[...]
</properties>

      <testcase classname="edu.tum.cs.commons.assessment.AssessmentTest" name="testDominantColor" time="0.0" />

      <testcase classname="edu.tum.cs.commons.assessment.AssessmentTest" name="testMostFrequentColor" time="0.0" />

      <system-out />

      <system-err />

  </testsuite>
  <testsuite errors="0" failures="0" hostname="Lapbroy55" id="3" name="FileCacheTest" package="edu.tum.cs.commons.cache" tests="2" time="0.062" timestamp="2007-11-02T14:11:04">
      <properties>
[...]
</properties>

      <testcase classname="edu.tum.cs.commons.cache.FileCacheTest" name="testCache" time="0.016" />

      <testcase classname="edu.tum.cs.commons.cache.FileCacheTest" name="testIOException" time="0.0" />

      <system-out />

      <system-err />

  </testsuite>
  <testsuite errors="0" failures="0" hostname="Lapbroy55" id="4" name="CloneUtilsTest" package="edu.tum.cs.commons.clone" tests="6" time="0.063" timestamp="2007-11-02T14:11:04">
      <properties>
[...]
</properties>

      <testcase classname="edu.tum.cs.commons.clone.CloneUtilsTest" name="testCloneAsDeepAsPossibleWithObject" time="0.0" />

      <testcase classname="edu.tum.cs.commons.clone.CloneUtilsTest" name="testCloneAsDeepAsPossibleWithDeepCloneable" time="0.0" />

      <testcase classname="edu.tum.cs.commons.clone.CloneUtilsTest" name="testCloneAsDeepAsPossibleWithList" time="0.0" />

      <testcase classname="edu.tum.cs.commons.clone.CloneUtilsTest" name="testCloneAsDeepAsPossibleArray" time="0.0" />

      <testcase classname="edu.tum.cs.commons.clone.CloneUtilsTest" name="testClonable" time="0.0" />

      <testcase classname="edu.tum.cs.commons.clone.CloneUtilsTest" name="testRecursion" time="0.0" />

      <system-out />

      <system-err />

  </testsuite>
  <testsuite errors="0" failures="0" hostname="Lapbroy55" id="5" name="ClassHierarchyMapTest" package="edu.tum.cs.commons.collections" tests="4" time="0.047" timestamp="2007-11-02T14:11:05">
      <properties>
[...]
</properties>

      <testcase classname="edu.tum.cs.commons.collections.ClassHierarchyMapTest" name="testGet" time="0.0" />

      <testcase classname="edu.tum.cs.commons.collections.ClassHierarchyMapTest" name="testGetDeclared" time="0.0" />

      <testcase classname="edu.tum.cs.commons.collections.ClassHierarchyMapTest" name="testGetAllDeepHierarchy" time="0.0" />

      <testcase classname="edu.tum.cs.commons.collections.ClassHierarchyMapTest" name="testGetAllShallowHierarchy" time="0.0" />

      <system-out />

      <system-err />

  </testsuite>
  <testsuite errors="0" failures="0" hostname="Lapbroy55" id="6" name="CollectionUtilsTest" package="edu.tum.cs.commons.collections" tests="6" time="0.094" timestamp="2007-11-02T14:11:05">
      <properties>
[...]
</properties>

      <testcase classname="edu.tum.cs.commons.collections.CollectionUtilsTest" name="testSort" time="0.0" />

      <testcase classname="edu.tum.cs.commons.collections.CollectionUtilsTest" name="testSortCollectionWithComparator" time="0.047" />

      <testcase classname="edu.tum.cs.commons.collections.CollectionUtilsTest" name="testAsHashSet" time="0.0" />

      <testcase classname="edu.tum.cs.commons.collections.CollectionUtilsTest" name="testEmptyList" time="0.0" />

      <testcase classname="edu.tum.cs.commons.collections.CollectionUtilsTest" name="testEmptySet" time="0.0" />

      <testcase classname="edu.tum.cs.commons.collections.CollectionUtilsTest" name="testEmptyMap" time="0.0" />

      <system-out />

      <system-err />

  </testsuite>
  <testsuite errors="0" failures="0" hostname="Lapbroy55" id="7" name="CounterSetTest" package="edu.tum.cs.commons.collections" tests="6" time="0.063" timestamp="2007-11-02T14:11:05">
      <properties>
[...]
</properties>

      <testcase classname="edu.tum.cs.commons.collections.CounterSetTest" name="testIncWithIncrement" time="0.0" />

      <testcase classname="edu.tum.cs.commons.collections.CounterSetTest" name="testInc" time="0.0" />

      <testcase classname="edu.tum.cs.commons.collections.CounterSetTest" name="testContains" time="0.0" />

      <testcase classname="edu.tum.cs.commons.collections.CounterSetTest" name="testGetValue" time="0.0" />

      <testcase classname="edu.tum.cs.commons.collections.CounterSetTest" name="testGetElements" time="0.0" />

      <testcase classname="edu.tum.cs.commons.collections.CounterSetTest" name="testGetTotal" time="0.0" />

      <system-out />

      <system-err />

  </testsuite>
  <testsuite errors="0" failures="0" hostname="Lapbroy55" id="8" name="HashedListMapTest" package="edu.tum.cs.commons.collections" tests="7" time="0.063" timestamp="2007-11-02T14:11:06">
      <properties>
[...]
</properties>

      <testcase classname="edu.tum.cs.commons.collections.HashedListMapTest" name="testCreateList" time="0.0" />

      <testcase classname="edu.tum.cs.commons.collections.HashedListMapTest" name="testGetList" time="0.0" />

      <testcase classname="edu.tum.cs.commons.collections.HashedListMapTest" name="testAdd" time="0.0" />

      <testcase classname="edu.tum.cs.commons.collections.HashedListMapTest" name="testContainsList" time="0.0" />

      <testcase classname="edu.tum.cs.commons.collections.HashedListMapTest" name="testRemoveList" time="0.0" />

      <testcase classname="edu.tum.cs.commons.collections.HashedListMapTest" name="testGetKeys" time="0.0" />

      <testcase classname="edu.tum.cs.commons.collections.HashedListMapTest" name="testGetValues" time="0.0" />

      <system-out />

      <system-err />

  </testsuite>
  <testsuite errors="0" failures="0" hostname="Lapbroy55" id="9" name="IdManagerTest" package="edu.tum.cs.commons.collections" tests="3" time="0.047" timestamp="2007-11-02T14:11:06">
      <properties>
[...]
</properties>

      <testcase classname="edu.tum.cs.commons.collections.IdManagerTest" name="testObtainId" time="0.0" />

      <testcase classname="edu.tum.cs.commons.collections.IdManagerTest" name="testEqualitySemantics" time="0.0" />

      <testcase classname="edu.tum.cs.commons.collections.IdManagerTest" name="testClear" time="0.0" />

      <system-out />

      <system-err />

  </testsuite>
  <testsuite errors="0" failures="0" hostname="Lapbroy55" id="10" name="IdentityHashSetTest" package="edu.tum.cs.commons.collections" tests="8" time="0.047" timestamp="2007-11-02T14:11:06">
      <properties>
[...]
</properties>

      <testcase classname="edu.tum.cs.commons.collections.IdentityHashSetTest" name="testSize" time="0.016" />

      <testcase classname="edu.tum.cs.commons.collections.IdentityHashSetTest" name="testIsEmpty" time="0.0" />

      <testcase classname="edu.tum.cs.commons.collections.IdentityHashSetTest" name="testClear" time="0.0" />

      <testcase classname="edu.tum.cs.commons.collections.IdentityHashSetTest" name="testConstructor" time="0.0" />

      <testcase classname="edu.tum.cs.commons.collections.IdentityHashSetTest" name="testAdd" time="0.0" />

      <testcase classname="edu.tum.cs.commons.collections.IdentityHashSetTest" name="testClone" time="0.0" />

      <testcase classname="edu.tum.cs.commons.collections.IdentityHashSetTest" name="testContains" time="0.0" />

      <testcase classname="edu.tum.cs.commons.collections.IdentityHashSetTest" name="testRemove" time="0.0" />

      <system-out />

      <system-err />

  </testsuite>
  <testsuite errors="0" failures="0" hostname="Lapbroy55" id="11" name="InvertingComparatorTest" package="edu.tum.cs.commons.collections" tests="4" time="0.063" timestamp="2007-11-02T14:11:06">
      <properties>
[...]
</properties>

      <testcase classname="edu.tum.cs.commons.collections.InvertingComparatorTest" name="testLonger" time="0.0" />

      <testcase classname="edu.tum.cs.commons.collections.InvertingComparatorTest" name="testShorter" time="0.0" />

      <testcase classname="edu.tum.cs.commons.collections.InvertingComparatorTest" name="testEqual" time="0.0" />

      <testcase classname="edu.tum.cs.commons.collections.InvertingComparatorTest" name="testSorting" time="0.016" />

      <system-out />

      <system-err />

  </testsuite>
  <testsuite errors="0" failures="0" hostname="Lapbroy55" id="12" name="SortedCounterSetTest" package="edu.tum.cs.commons.collections" tests="1" time="0.063" timestamp="2007-11-02T14:11:07">
      <properties>
[...]
</properties>

      <testcase classname="edu.tum.cs.commons.collections.SortedCounterSetTest" name="testGetRangeSum" time="0.016" />

      <system-out />

      <system-err />

  </testsuite>
  <testsuite errors="0" failures="0" hostname="Lapbroy55" id="13" name="StringLengthComparatorTest" package="edu.tum.cs.commons.collections" tests="4" time="0.047" timestamp="2007-11-02T14:11:07">
      <properties>
[...]
</properties>

      <testcase classname="edu.tum.cs.commons.collections.StringLengthComparatorTest" name="testLonger" time="0.0" />

      <testcase classname="edu.tum.cs.commons.collections.StringLengthComparatorTest" name="testShorter" time="0.0" />

      <testcase classname="edu.tum.cs.commons.collections.StringLengthComparatorTest" name="testEqual" time="0.0" />

      <testcase classname="edu.tum.cs.commons.collections.StringLengthComparatorTest" name="testSorting" time="0.0" />

      <system-out />

      <system-err />

  </testsuite>
  <testsuite errors="0" failures="0" hostname="Lapbroy55" id="14" name="TwoDimHashMapTest" package="edu.tum.cs.commons.collections" tests="14" time="0.047" timestamp="2007-11-02T14:11:07">
      <properties>
[...]
</properties>

      <testcase classname="edu.tum.cs.commons.collections.TwoDimHashMapTest" name="testPutAll" time="0.016" />

      <testcase classname="edu.tum.cs.commons.collections.TwoDimHashMapTest" name="testPutValue" time="0.0" />

      <testcase classname="edu.tum.cs.commons.collections.TwoDimHashMapTest" name="testGetValue" time="0.0" />

      <testcase classname="edu.tum.cs.commons.collections.TwoDimHashMapTest" name="testGetValuesByFirstKey" time="0.0" />

      <testcase classname="edu.tum.cs.commons.collections.TwoDimHashMapTest" name="testGetFirstKeys" time="0.0" />

      <testcase classname="edu.tum.cs.commons.collections.TwoDimHashMapTest" name="testGetSecondKeys" time="0.0" />

      <testcase classname="edu.tum.cs.commons.collections.TwoDimHashMapTest" name="testGetValuesBySecondKey" time="0.0" />

      <testcase classname="edu.tum.cs.commons.collections.TwoDimHashMapTest" name="testGetValues" time="0.0" />

      <testcase classname="edu.tum.cs.commons.collections.TwoDimHashMapTest" name="testGetSize" time="0.0" />

      <testcase classname="edu.tum.cs.commons.collections.TwoDimHashMapTest" name="testIsEmpty" time="0.0" />

      <testcase classname="edu.tum.cs.commons.collections.TwoDimHashMapTest" name="testGetFirstSize" time="0.0" />

      <testcase classname="edu.tum.cs.commons.collections.TwoDimHashMapTest" name="testClear" time="0.0" />

      <testcase classname="edu.tum.cs.commons.collections.TwoDimHashMapTest" name="testRemoveSecondLevelKey" time="0.0" />

      <testcase classname="edu.tum.cs.commons.collections.TwoDimHashMapTest" name="testRemoveFirstLevelKey" time="0.0" />

      <system-out />

      <system-err />

  </testsuite>
  <testsuite errors="0" failures="0" hostname="Lapbroy55" id="15" name="UniqueIdManagerTest" package="edu.tum.cs.commons.collections" tests="3" time="0.047" timestamp="2007-11-02T14:11:07">
      <properties>
[...]
</properties>

      <testcase classname="edu.tum.cs.commons.collections.UniqueIdManagerTest" name="testObtainId" time="0.015" />

      <testcase classname="edu.tum.cs.commons.collections.UniqueIdManagerTest" name="testReferenceEqualitySemantics" time="0.0" />

      <testcase classname="edu.tum.cs.commons.collections.UniqueIdManagerTest" name="testClear" time="0.0" />

      <system-out />

      <system-err />

  </testsuite>
  <testsuite errors="0" failures="0" hostname="Lapbroy55" id="16" name="EnumUtilsTest" package="edu.tum.cs.commons.enums" tests="2" time="0.062" timestamp="2007-11-02T14:11:08">
      <properties>
[...]
</properties>

      <testcase classname="edu.tum.cs.commons.enums.EnumUtilsTest" name="testValueOf" time="0.0" />

      <testcase classname="edu.tum.cs.commons.enums.EnumUtilsTest" name="testValueOfIgnoreCase" time="0.0" />

      <system-out />

      <system-err />

  </testsuite>
  <testsuite errors="0" failures="0" hostname="Lapbroy55" id="17" name="FileSystemUtilsTest" package="edu.tum.cs.commons.filesystem" tests="15" time="1.062" timestamp="2007-11-02T14:11:08">
      <properties>
[...]
</properties>

      <testcase classname="edu.tum.cs.commons.filesystem.FileSystemUtilsTest" name="testCopyFile" time="0.016" />

      <testcase classname="edu.tum.cs.commons.filesystem.FileSystemUtilsTest" name="testCopyFiles" time="0.234" />

      <testcase classname="edu.tum.cs.commons.filesystem.FileSystemUtilsTest" name="testCopyStreams" time="0.016" />

      <testcase classname="edu.tum.cs.commons.filesystem.FileSystemUtilsTest" name="testCreateJARFile" time="0.141" />

      <testcase classname="edu.tum.cs.commons.filesystem.FileSystemUtilsTest" name="testUnjar" time="0.078" />

      <testcase classname="edu.tum.cs.commons.filesystem.FileSystemUtilsTest" name="testCreateRelativePath" time="0.14" />

      <testcase classname="edu.tum.cs.commons.filesystem.FileSystemUtilsTest" name="testDeleteRecursively" time="0.11" />

      <testcase classname="edu.tum.cs.commons.filesystem.FileSystemUtilsTest" name="testEnsureDirectoryExists" time="0.0" />

      <testcase classname="edu.tum.cs.commons.filesystem.FileSystemUtilsTest" name="testEnsureParentDirectoryExists" time="0.031" />

      <testcase classname="edu.tum.cs.commons.filesystem.FileSystemUtilsTest" name="testFileExtensionFilter" time="0.0" />

      <testcase classname="edu.tum.cs.commons.filesystem.FileSystemUtilsTest" name="testFileOnlyFilter" time="0.125" />

      <testcase classname="edu.tum.cs.commons.filesystem.FileSystemUtilsTest" name="testListRecursively" time="0.109" />

      <testcase classname="edu.tum.cs.commons.filesystem.FileSystemUtilsTest" name="testNewFile" time="0.0" />

      <testcase classname="edu.tum.cs.commons.filesystem.FileSystemUtilsTest" name="testReadWriteFile" time="0.0" />

      <testcase classname="edu.tum.cs.commons.filesystem.FileSystemUtilsTest" name="testGetFileExtension" time="0.0" />

      <system-out />

      <system-err />

  </testsuite>
  <testsuite errors="0" failures="0" hostname="Lapbroy55" id="18" name="RegularDirectoryFilterTest" package="edu.tum.cs.commons.filesystem" tests="1" time="0.641" timestamp="2007-11-02T14:11:09">
      <properties>
[...]
</properties>

      <testcase classname="edu.tum.cs.commons.filesystem.RegularDirectoryFilterTest" name="test" time="0.594" />

      <system-out />

      <system-err />

  </testsuite>
  <testsuite errors="0" failures="0" hostname="Lapbroy55" id="19" name="GraphvizGeneratorTest" package="edu.tum.cs.commons.graph" tests="10" time="4.235" timestamp="2007-11-02T14:11:10">
      <properties>
[...]
</properties>

      <testcase classname="edu.tum.cs.commons.graph.GraphvizGeneratorTest" name="testGenerateFileWithBigDescription" time="2.844" />

      <testcase classname="edu.tum.cs.commons.graph.GraphvizGeneratorTest" name="testGenerateImageWithBigDescription" time="0.906" />

      <testcase classname="edu.tum.cs.commons.graph.GraphvizGeneratorTest" name="testGenerateFileBigDescriptionWithWarnings" time="0.157" />

      <testcase classname="edu.tum.cs.commons.graph.GraphvizGeneratorTest" name="testGenerateImageWithBigDescriptionWithWarnings" time="0.172" />

      <testcase classname="edu.tum.cs.commons.graph.GraphvizGeneratorTest" name="testGenerateFile" time="0.016" />

      <testcase classname="edu.tum.cs.commons.graph.GraphvizGeneratorTest" name="testGenerateFileError" time="0.015" />

      <testcase classname="edu.tum.cs.commons.graph.GraphvizGeneratorTest" name="testGenerateFileUnknownFont" time="0.032" />

      <testcase classname="edu.tum.cs.commons.graph.GraphvizGeneratorTest" name="testGenerateImage" time="0.015" />

      <testcase classname="edu.tum.cs.commons.graph.GraphvizGeneratorTest" name="testGenerateImageError" time="0.016" />

      <testcase classname="edu.tum.cs.commons.graph.GraphvizGeneratorTest" name="testGenerateImageUnknownFont" time="0.0" />

      <system-out />

      <system-err />

  </testsuite>
  <testsuite errors="0" failures="0" hostname="Lapbroy55" id="20" name="MultiplexedOutputStreamTest" package="edu.tum.cs.commons.io" tests="2" time="0.047" timestamp="2007-11-02T14:11:14">
      <properties>
[...]
</properties>

      <testcase classname="edu.tum.cs.commons.io.MultiplexedOutputStreamTest" name="testWrite" time="0.015" />

      <testcase classname="edu.tum.cs.commons.io.MultiplexedOutputStreamTest" name="testClose" time="0.0" />

      <system-out />

      <system-err />

  </testsuite>
  <testsuite errors="0" failures="0" hostname="Lapbroy55" id="21" name="MathUtilsTest" package="edu.tum.cs.commons.math" tests="5" time="0.047" timestamp="2007-11-02T14:11:15">
      <properties>
[...]
</properties>

      <testcase classname="edu.tum.cs.commons.math.MathUtilsTest" name="testSum" time="0.0" />

      <testcase classname="edu.tum.cs.commons.math.MathUtilsTest" name="testMax" time="0.0" />

      <testcase classname="edu.tum.cs.commons.math.MathUtilsTest" name="testMin" time="0.0" />

      <testcase classname="edu.tum.cs.commons.math.MathUtilsTest" name="testMean" time="0.0" />

      <testcase classname="edu.tum.cs.commons.math.MathUtilsTest" name="testMedian" time="0.0" />

      <system-out />

      <system-err />

  </testsuite>
  <testsuite errors="0" failures="0" hostname="Lapbroy55" id="22" name="CmdLineTest" package="edu.tum.cs.commons.options" tests="5" time="0.062" timestamp="2007-11-02T14:11:15">
      <properties>
[...]
</properties>

      <testcase classname="edu.tum.cs.commons.options.CmdLineTest" name="testGetParameterCount" time="0.0" />

      <testcase classname="edu.tum.cs.commons.options.CmdLineTest" name="testGetValues" time="0.0" />

      <testcase classname="edu.tum.cs.commons.options.CmdLineTest" name="testGetValue" time="0.0" />

      <testcase classname="edu.tum.cs.commons.options.CmdLineTest" name="testHasParameter" time="0.0" />

      <testcase classname="edu.tum.cs.commons.options.CmdLineTest" name="testHasParameterAndValue" time="0.0" />

      <system-out />

      <system-err />

  </testsuite>
  <testsuite errors="0" failures="0" hostname="Lapbroy55" id="23" name="CommandLineTest" package="edu.tum.cs.commons.options" tests="9" time="0.141" timestamp="2007-11-02T14:11:15">
      <properties>
[...]
</properties>

      <testcase classname="edu.tum.cs.commons.options.CommandLineTest" name="testUsage" time="0.078" />

      <testcase classname="edu.tum.cs.commons.options.CommandLineTest" name="testSimpleOptions" time="0.0" />

      <testcase classname="edu.tum.cs.commons.options.CommandLineTest" name="testComplexOptions" time="0.0" />

      <testcase classname="edu.tum.cs.commons.options.CommandLineTest" name="testEqualArg" time="0.0" />

      <testcase classname="edu.tum.cs.commons.options.CommandLineTest" name="testMissingArgument" time="0.0" />

      <testcase classname="edu.tum.cs.commons.options.CommandLineTest" name="testMissingArgumentInMulti" time="0.0" />

      <testcase classname="edu.tum.cs.commons.options.CommandLineTest" name="testWrongType" time="0.0" />

      <testcase classname="edu.tum.cs.commons.options.CommandLineTest" name="testSuperfluousArgument" time="0.0" />

      <testcase classname="edu.tum.cs.commons.options.CommandLineTest" name="testGreedyOption" time="0.0" />

      <system-out><![CDATA[  -g, --greedy       increase the counter by given arg
  -i, --inc          increase the counter of this test class
  -l, --verylonglongoptionwithlongname
                     A lot of text describing one of the longest options we
                     provide with an even longer option name to have the
                     opportunity to test the formatter of the usage() method
  -n                 has no long name
      --noshort      option without short name
  -s, --store        store the double value
]]></system-out>

      <system-err />

  </testsuite>
  <testsuite errors="0" failures="0" hostname="Lapbroy55" id="24" name="OptionApplicatorTest" package="edu.tum.cs.commons.options" tests="2" time="0.046" timestamp="2007-11-02T14:11:16">
      <properties>
[...]
</properties>

      <testcase classname="edu.tum.cs.commons.options.OptionApplicatorTest" name="testSimpleOption" time="0.0" />

      <testcase classname="edu.tum.cs.commons.options.OptionApplicatorTest" name="testArgumentOption" time="0.0" />

      <system-out />

      <system-err />

  </testsuite>
  <testsuite errors="0" failures="0" hostname="Lapbroy55" id="25" name="OptionRegistryTest" package="edu.tum.cs.commons.options" tests="1" time="0.079" timestamp="2007-11-02T14:11:16">
      <properties>
[...]
</properties>

      <testcase classname="edu.tum.cs.commons.options.OptionRegistryTest" name="testRegistration" time="0.032" />

      <system-out />

      <system-err />

  </testsuite>
  <testsuite errors="0" failures="0" hostname="Lapbroy55" id="26" name="OptionsTest" package="edu.tum.cs.commons.options" tests="11" time="0.062" timestamp="2007-11-02T14:11:16">
      <properties>
[...]
</properties>

      <testcase classname="edu.tum.cs.commons.options.OptionsTest" name="testHasOption" time="0.0" />

      <testcase classname="edu.tum.cs.commons.options.OptionsTest" name="testHasValue" time="0.0" />

      <testcase classname="edu.tum.cs.commons.options.OptionsTest" name="testCountValues" time="0.0" />

      <testcase classname="edu.tum.cs.commons.options.OptionsTest" name="testGetValue" time="0.0" />

      <testcase classname="edu.tum.cs.commons.options.OptionsTest" name="testGetValues" time="0.0" />

      <testcase classname="edu.tum.cs.commons.options.OptionsTest" name="testHasBooleanValue" time="0.0" />

      <testcase classname="edu.tum.cs.commons.options.OptionsTest" name="testGetBooleanValue" time="0.015" />

      <testcase classname="edu.tum.cs.commons.options.OptionsTest" name="testHasIntValue" time="0.0" />

      <testcase classname="edu.tum.cs.commons.options.OptionsTest" name="testGetIntValue" time="0.0" />

      <testcase classname="edu.tum.cs.commons.options.OptionsTest" name="testGetEnumValue" time="0.0" />

      <testcase classname="edu.tum.cs.commons.options.OptionsTest" name="testSetOption" time="0.0" />

      <system-out />

      <system-err />

  </testsuite>
  <testsuite errors="0" failures="0" hostname="Lapbroy55" id="27" name="ClassTypeTest" package="edu.tum.cs.commons.reflect" tests="4" time="0.062" timestamp="2007-11-02T14:11:16">
      <properties>
[...]
</properties>

      <testcase classname="edu.tum.cs.commons.reflect.ClassTypeTest" name="testBaseClass" time="0.0" />

      <testcase classname="edu.tum.cs.commons.reflect.ClassTypeTest" name="testInterfaces" time="0.0" />

      <testcase classname="edu.tum.cs.commons.reflect.ClassTypeTest" name="testMerge" time="0.015" />

      <testcase classname="edu.tum.cs.commons.reflect.ClassTypeTest" name="testAssignability" time="0.0" />

      <system-out />

      <system-err />

  </testsuite>
  <testsuite errors="0" failures="0" hostname="Lapbroy55" id="28" name="FormalParameterTest" package="edu.tum.cs.commons.reflect" tests="6" time="0.062" timestamp="2007-11-02T14:11:17">
      <properties>
[...]
</properties>

      <testcase classname="edu.tum.cs.commons.reflect.FormalParameterTest" name="testGetType" time="0.0" />

      <testcase classname="edu.tum.cs.commons.reflect.FormalParameterTest" name="testGetAnnotations" time="0.015" />

      <testcase classname="edu.tum.cs.commons.reflect.FormalParameterTest" name="testGetAnnotation" time="0.0" />

      <testcase classname="edu.tum.cs.commons.reflect.FormalParameterTest" name="testIsAnnotationPresent" time="0.0" />

      <testcase classname="edu.tum.cs.commons.reflect.FormalParameterTest" name="testHashCode" time="0.0" />

      <testcase classname="edu.tum.cs.commons.reflect.FormalParameterTest" name="testEqualsObject" time="0.0" />

      <system-out />

      <system-err />

  </testsuite>
  <testsuite errors="0" failures="0" hostname="Lapbroy55" id="29" name="ReflectionUtilsMethodReturnTypeTest" package="edu.tum.cs.commons.reflect" tests="9" time="0.062" timestamp="2007-11-02T14:11:17">
      <properties>
[...]
</properties>

      <testcase classname="edu.tum.cs.commons.reflect.ReflectionUtilsMethodReturnTypeTest" name="testSimple" time="0.0" />

      <testcase classname="edu.tum.cs.commons.reflect.ReflectionUtilsMethodReturnTypeTest" name="testInheritedMethod" time="0.0" />

      <testcase classname="edu.tum.cs.commons.reflect.ReflectionUtilsMethodReturnTypeTest" name="testInheritedMethodWithCovariantReturnType" time="0.0" />

      <testcase classname="edu.tum.cs.commons.reflect.ReflectionUtilsMethodReturnTypeTest" name="testInheritedMethodWithGenericReturnType" time="0.015" />

      <testcase classname="edu.tum.cs.commons.reflect.ReflectionUtilsMethodReturnTypeTest" name="testInheritedMethodWithGenericCovariantReturnType" time="0.0" />

      <testcase classname="edu.tum.cs.commons.reflect.ReflectionUtilsMethodReturnTypeTest" name="testSimpleWithCovariance" time="0.0" />

      <testcase classname="edu.tum.cs.commons.reflect.ReflectionUtilsMethodReturnTypeTest" name="testInheritedMethodWithParameterizedGenericReturnType" time="0.0" />

      <testcase classname="edu.tum.cs.commons.reflect.ReflectionUtilsMethodReturnTypeTest" name="testGenericMethodWithMultipleParameters" time="0.0" />

      <testcase classname="edu.tum.cs.commons.reflect.ReflectionUtilsMethodReturnTypeTest" name="testMethodNotFound" time="0.0" />

      <system-out />

      <system-err />

  </testsuite>
  <testsuite errors="0" failures="0" hostname="Lapbroy55" id="30" name="ReflectionUtilsTest" package="edu.tum.cs.commons.reflect" tests="12" time="0.062" timestamp="2007-11-02T14:11:17">
      <properties>
[...]
</properties>

      <testcase classname="edu.tum.cs.commons.reflect.ReflectionUtilsTest" name="testGetFormalParameters" time="0.0" />

      <testcase classname="edu.tum.cs.commons.reflect.ReflectionUtilsTest" name="testInvokeOneParameter" time="0.0" />

      <testcase classname="edu.tum.cs.commons.reflect.ReflectionUtilsTest" name="testInvokeOnePrimitiveParameter" time="0.0" />

      <testcase classname="edu.tum.cs.commons.reflect.ReflectionUtilsTest" name="testInvokeTwoParameters" time="0.0" />

      <testcase classname="edu.tum.cs.commons.reflect.ReflectionUtilsTest" name="testInvokeTwoIllegal" time="0.0" />

      <testcase classname="edu.tum.cs.commons.reflect.ReflectionUtilsTest" name="testIsAssignable" time="0.0" />

      <testcase classname="edu.tum.cs.commons.reflect.ReflectionUtilsTest" name="testConvertPrimitiveForNonPrimitive" time="0.0" />

      <testcase classname="edu.tum.cs.commons.reflect.ReflectionUtilsTest" name="testConvertPrimitive" time="0.015" />

      <testcase classname="edu.tum.cs.commons.reflect.ReflectionUtilsTest" name="testNumberConversionErrors" time="0.0" />

      <testcase classname="edu.tum.cs.commons.reflect.ReflectionUtilsTest" name="testConvertString" time="0.0" />

      <testcase classname="edu.tum.cs.commons.reflect.ReflectionUtilsTest" name="testConvertStringExceptions" time="0.0" />

      <testcase classname="edu.tum.cs.commons.reflect.ReflectionUtilsTest" name="testGetSuperClasses" time="0.0" />

      <system-out />

      <system-err />

  </testsuite>
  <testsuite errors="0" failures="0" hostname="Lapbroy55" id="31" name="LineSplitterTest" package="edu.tum.cs.commons.string" tests="8" time="0.062" timestamp="2007-11-02T14:11:17">
      <properties>
[...]
</properties>

      <testcase classname="edu.tum.cs.commons.string.LineSplitterTest" name="testUninitializedContent" time="0.0" />

      <testcase classname="edu.tum.cs.commons.string.LineSplitterTest" name="testNullContent" time="0.0" />

      <testcase classname="edu.tum.cs.commons.string.LineSplitterTest" name="testEmptyContent" time="0.0" />

      <testcase classname="edu.tum.cs.commons.string.LineSplitterTest" name="testOneLineContent" time="0.0" />

      <testcase classname="edu.tum.cs.commons.string.LineSplitterTest" name="testMultiLineContentN" time="0.015" />

      <testcase classname="edu.tum.cs.commons.string.LineSplitterTest" name="testMultiLineContentRN" time="0.0" />

      <testcase classname="edu.tum.cs.commons.string.LineSplitterTest" name="testMultiLineContentR" time="0.0" />

      <testcase classname="edu.tum.cs.commons.string.LineSplitterTest" name="testMultiLineContentNative" time="0.0" />

      <system-out />

      <system-err />

  </testsuite>
  <testsuite errors="0" failures="0" hostname="Lapbroy55" id="32" name="RegexReplacementProcessorTest" package="edu.tum.cs.commons.string" tests="12" time="0.047" timestamp="2007-11-02T14:11:18">
      <properties>
[...]
</properties>

      <testcase classname="edu.tum.cs.commons.string.RegexReplacementProcessorTest" name="testEmptyRegexList" time="0.016" />

      <testcase classname="edu.tum.cs.commons.string.RegexReplacementProcessorTest" name="testSimpleDelete" time="0.0" />

      <testcase classname="edu.tum.cs.commons.string.RegexReplacementProcessorTest" name="testMultiDelete" time="0.0" />

      <testcase classname="edu.tum.cs.commons.string.RegexReplacementProcessorTest" name="testSimpleReplace" time="0.0" />

      <testcase classname="edu.tum.cs.commons.string.RegexReplacementProcessorTest" name="testSimpleReplaceWithCapturingGroup" time="0.0" />

      <testcase classname="edu.tum.cs.commons.string.RegexReplacementProcessorTest" name="testSimpleReplaceWithIllegalCapturingGroup" time="0.0" />

      <testcase classname="edu.tum.cs.commons.string.RegexReplacementProcessorTest" name="testMultiReplace" time="0.0" />

      <testcase classname="edu.tum.cs.commons.string.RegexReplacementProcessorTest" name="testMultiReplaceWithOrder" time="0.0" />

      <testcase classname="edu.tum.cs.commons.string.RegexReplacementProcessorTest" name="testCaseSensitiveness" time="0.0" />

      <testcase classname="edu.tum.cs.commons.string.RegexReplacementProcessorTest" name="testMultiLineDelete" time="0.0" />

      <testcase classname="edu.tum.cs.commons.string.RegexReplacementProcessorTest" name="testMultiLineReplace" time="0.0" />

      <testcase classname="edu.tum.cs.commons.string.RegexReplacementProcessorTest" name="testMultiLineReplaceWithCapturingGroup" time="0.0" />

      <system-out />

      <system-err />

  </testsuite>
  <testsuite errors="0" failures="0" hostname="Lapbroy55" id="33" name="StringUtilsTest" package="edu.tum.cs.commons.string" tests="27" time="0.062" timestamp="2007-11-02T14:11:18">
      <properties>
[...]
</properties>

      <testcase classname="edu.tum.cs.commons.string.StringUtilsTest" name="testConcatNullInput" time="0.0" />

      <testcase classname="edu.tum.cs.commons.string.StringUtilsTest" name="testConcatNullSeparator" time="0.0" />

      <testcase classname="edu.tum.cs.commons.string.StringUtilsTest" name="testConcatWith3Elements" time="0.0" />

      <testcase classname="edu.tum.cs.commons.string.StringUtilsTest" name="testConcatWith1Elements" time="0.0" />

      <testcase classname="edu.tum.cs.commons.string.StringUtilsTest" name="testConcatWith0Elements" time="0.0" />

      <testcase classname="edu.tum.cs.commons.string.StringUtilsTest" name="testGetKeyValuePairs" time="0.0" />

      <testcase classname="edu.tum.cs.commons.string.StringUtilsTest" name="testFillString" time="0.0" />

      <testcase classname="edu.tum.cs.commons.string.StringUtilsTest" name="testCenter" time="0.0" />

      <testcase classname="edu.tum.cs.commons.string.StringUtilsTest" name="testFlushLeft" time="0.0" />

      <testcase classname="edu.tum.cs.commons.string.StringUtilsTest" name="testFlushRight" time="0.0" />

      <testcase classname="edu.tum.cs.commons.string.StringUtilsTest" name="testRandomString" time="0.0" />

      <testcase classname="edu.tum.cs.commons.string.StringUtilsTest" name="testRandomStringArray" time="0.0" />

      <testcase classname="edu.tum.cs.commons.string.StringUtilsTest" name="testGenerateString" time="0.0" />

      <testcase classname="edu.tum.cs.commons.string.StringUtilsTest" name="testGenerateStringArray" time="0.0" />

      <testcase classname="edu.tum.cs.commons.string.StringUtilsTest" name="testIsEmpty" time="0.0" />

      <testcase classname="edu.tum.cs.commons.string.StringUtilsTest" name="testMapToString" time="0.0" />

      <testcase classname="edu.tum.cs.commons.string.StringUtilsTest" name="testSplitLines" time="0.0" />

      <testcase classname="edu.tum.cs.commons.string.StringUtilsTest" name="testIndexOf" time="0.0" />

      <testcase classname="edu.tum.cs.commons.string.StringUtilsTest" name="testReplaceLineBreaks" time="0.0" />

      <testcase classname="edu.tum.cs.commons.string.StringUtilsTest" name="testGetFirstLine" time="0.0" />

      <testcase classname="edu.tum.cs.commons.string.StringUtilsTest" name="testGetFirstParts" time="0.0" />

      <testcase classname="edu.tum.cs.commons.string.StringUtilsTest" name="testGetFirstPartsErrors" time="0.0" />

      <testcase classname="edu.tum.cs.commons.string.StringUtilsTest" name="testRemoveLastPart" time="0.0" />

      <testcase classname="edu.tum.cs.commons.string.StringUtilsTest" name="testGetLastPart" time="0.0" />

      <testcase classname="edu.tum.cs.commons.string.StringUtilsTest" name="testStripPrefix" time="0.0" />

      <testcase classname="edu.tum.cs.commons.string.StringUtilsTest" name="testObtainStackTrace" time="0.0" />

      <testcase classname="edu.tum.cs.commons.string.StringUtilsTest" name="testStartsWithOneOf" time="0.0" />

      <system-out />

      <system-err />

  </testsuite>
  <testsuite errors="0" failures="0" hostname="Lapbroy55" id="34" name="PerformanceMonitorTest" package="edu.tum.cs.commons.system" tests="5" time="0.078" timestamp="2007-11-02T14:11:18">
      <properties>
[...]
</properties>

      <testcase classname="edu.tum.cs.commons.system.PerformanceMonitorTest" name="testSmoke" time="0.032" />

      <testcase classname="edu.tum.cs.commons.system.PerformanceMonitorTest" name="testCannotStartTwice" time="0.0" />

      <testcase classname="edu.tum.cs.commons.system.PerformanceMonitorTest" name="testCannotStopBeforeStart" time="0.0" />

      <testcase classname="edu.tum.cs.commons.system.PerformanceMonitorTest" name="testCannotStopTwice" time="0.0" />

      <testcase classname="edu.tum.cs.commons.system.PerformanceMonitorTest" name="testCannotRestartPerformanceMonitor" time="0.0" />

      <system-out />

      <system-err />

  </testsuite>
  <testsuite errors="0" failures="0" hostname="Lapbroy55" id="35" name="DeepCloneTestUtilsTest" package="edu.tum.cs.commons.test" tests="3" time="0.063" timestamp="2007-11-02T14:11:18">
      <properties>
[...]
</properties>

      <testcase classname="edu.tum.cs.commons.test.DeepCloneTestUtilsTest" name="testGetAllReferencedObjects" time="0.016" />

      <testcase classname="edu.tum.cs.commons.test.DeepCloneTestUtilsTest" name="testGetAllReferencedObjectsByType" time="0.0" />

      <testcase classname="edu.tum.cs.commons.test.DeepCloneTestUtilsTest" name="testTestDeepCloning" time="0.0" />

      <system-out />

      <system-err />

  </testsuite>
  <testsuite errors="0" failures="0" hostname="Lapbroy55" id="36" name="VersionTest" package="edu.tum.cs.commons.version" tests="5" time="0.047" timestamp="2007-11-02T14:11:19">
      <properties>
[...]
</properties>

      <testcase classname="edu.tum.cs.commons.version.VersionTest" name="testCompareEqual" time="0.0" />

      <testcase classname="edu.tum.cs.commons.version.VersionTest" name="testCompareLessThan" time="0.0" />

      <testcase classname="edu.tum.cs.commons.version.VersionTest" name="testCompareGreaterThan" time="0.0" />

      <testcase classname="edu.tum.cs.commons.version.VersionTest" name="testEquals" time="0.0" />

      <testcase classname="edu.tum.cs.commons.version.VersionTest" name="testIsSatisfied" time="0.0" />

      <system-out />

      <system-err />

  </testsuite>
  <testsuite errors="0" failures="0" hostname="Lapbroy55" id="37" name="XMLReaderTest" package="edu.tum.cs.commons.xml" tests="2" time="0.141" timestamp="2007-11-02T14:11:19">
      <properties>
[...]
</properties>

      <testcase classname="edu.tum.cs.commons.xml.XMLReaderTest" name="test" time="0.062" />

      <testcase classname="edu.tum.cs.commons.xml.XMLReaderTest" name="testIllegalModel" time="0.016" />

      <system-out />

      <system-err />

  </testsuite>
  <testsuite errors="0" failures="0" hostname="Lapbroy55" id="38" name="XMLUtilsTest" package="edu.tum.cs.commons.xml" tests="4" time="0.296" timestamp="2007-11-02T14:11:19">
      <properties>
[...]
</properties>

      <testcase classname="edu.tum.cs.commons.xml.XMLUtilsTest" name="testInvalidXML" time="0.204" />

      <testcase classname="edu.tum.cs.commons.xml.XMLUtilsTest" name="testValidXML" time="0.015" />

      <testcase classname="edu.tum.cs.commons.xml.XMLUtilsTest" name="testNonWellFormedXML" time="0.016" />

      <testcase classname="edu.tum.cs.commons.xml.XMLUtilsTest" name="testNonValidating" time="0.015" />

      <system-out />

      <system-err />

  </testsuite>
  <testsuite errors="0" failures="0" hostname="Lapbroy55" id="39" name="XMLWriterTest" package="edu.tum.cs.commons.xml" tests="35" time="0.078" timestamp="2007-11-02T14:11:20">
      <properties>
[...]
</properties>

      <testcase classname="edu.tum.cs.commons.xml.XMLWriterTest" name="testAttributeOutsideElement" time="0.0" />

      <testcase classname="edu.tum.cs.commons.xml.XMLWriterTest" name="testComment" time="0.016" />

      <testcase classname="edu.tum.cs.commons.xml.XMLWriterTest" name="testCommentBetweenElements" time="0.0" />

      <testcase classname="edu.tum.cs.commons.xml.XMLWriterTest" name="testCommentInElement" time="0.0" />

      <testcase classname="edu.tum.cs.commons.xml.XMLWriterTest" name="testNewLineBetweenElements" time="0.0" />

      <testcase classname="edu.tum.cs.commons.xml.XMLWriterTest" name="testCommentAtBeginningOfDocument" time="0.0" />

      <testcase classname="edu.tum.cs.commons.xml.XMLWriterTest" name="testNewLineInElement" time="0.0" />

      <testcase classname="edu.tum.cs.commons.xml.XMLWriterTest" name="testDuplicateAttribute" time="0.0" />

      <testcase classname="edu.tum.cs.commons.xml.XMLWriterTest" name="testEmptyElement" time="0.0" />

      <testcase classname="edu.tum.cs.commons.xml.XMLWriterTest" name="testEscapedTextElement" time="0.0" />

      <testcase classname="edu.tum.cs.commons.xml.XMLWriterTest" name="testMultiLineTextElement" time="0.0" />

      <testcase classname="edu.tum.cs.commons.xml.XMLWriterTest" name="testNestedComment" time="0.0" />

      <testcase classname="edu.tum.cs.commons.xml.XMLWriterTest" name="testNestedElements" time="0.0" />

      <testcase classname="edu.tum.cs.commons.xml.XMLWriterTest" name="testNestedElementsWithAttributes" time="0.0" />

      <testcase classname="edu.tum.cs.commons.xml.XMLWriterTest" name="testNestedMultiLineTextElement" time="0.0" />

      <testcase classname="edu.tum.cs.commons.xml.XMLWriterTest" name="testNestedSequentialElements" time="0.0" />

      <testcase classname="edu.tum.cs.commons.xml.XMLWriterTest" name="testNestedTextElement" time="0.0" />

      <testcase classname="edu.tum.cs.commons.xml.XMLWriterTest" name="testElementInText" time="0.016" />

      <testcase classname="edu.tum.cs.commons.xml.XMLWriterTest" name="testAddHeader" time="0.0" />

      <testcase classname="edu.tum.cs.commons.xml.XMLWriterTest" name="testOneElementWithAttributes" time="0.0" />

      <testcase classname="edu.tum.cs.commons.xml.XMLWriterTest" name="testAttributesWithEscapes" time="0.0" />

      <testcase classname="edu.tum.cs.commons.xml.XMLWriterTest" name="testCData" time="0.0" />

      <testcase classname="edu.tum.cs.commons.xml.XMLWriterTest" name="testCDataEscpaing" time="0.0" />

      <testcase classname="edu.tum.cs.commons.xml.XMLWriterTest" name="testCDataWithinText" time="0.0" />

      <testcase classname="edu.tum.cs.commons.xml.XMLWriterTest" name="testSequentialComment" time="0.0" />

      <testcase classname="edu.tum.cs.commons.xml.XMLWriterTest" name="testSequentialElements" time="0.0" />

      <testcase classname="edu.tum.cs.commons.xml.XMLWriterTest" name="testTextElement" time="0.0" />

      <testcase classname="edu.tum.cs.commons.xml.XMLWriterTest" name="testAddPublicDocTypeDefintion" time="0.0" />

      <testcase classname="edu.tum.cs.commons.xml.XMLWriterTest" name="testOpenElement" time="0.0" />

      <testcase classname="edu.tum.cs.commons.xml.XMLWriterTest" name="testOpenElementWithOddNumberOfAttributes" time="0.0" />

      <testcase classname="edu.tum.cs.commons.xml.XMLWriterTest" name="testOpenElementWithIllegalAttribute" time="0.0" />

      <testcase classname="edu.tum.cs.commons.xml.XMLWriterTest" name="testUnclosedElement" time="0.0" />

      <testcase classname="edu.tum.cs.commons.xml.XMLWriterTest" name="testRemainingOpenElementWhenClosingWriter" time="0.0" />

      <testcase classname="edu.tum.cs.commons.xml.XMLWriterTest" name="testSuppressLineBreaks" time="0.0" />

      <testcase classname="edu.tum.cs.commons.xml.XMLWriterTest" name="testSuppressLineBreaks2" time="0.0" />

      <system-out><![CDATA[<!-- test -->
<!-- test -->
]]></system-out>

      <system-err />

  </testsuite>
</testsuites>
